<?xml version="1.0" encoding="UTF-8"?>
<!-- Generated by org.testng.reporters.JUnitReportReporter -->
<testsuite hostname="EG-4632MG3" failures="0" tests="4" name="api.tests.UserTests2" time="17.652" errors="0" timestamp="2023-07-30T06:03:01 EEST" skipped="0">
  <testcase classname="api.tests.UserTests2" name="testPostUser" time="14.207"/>
  <testcase classname="api.tests.UserTests2" name="testGetUserByName" time="1.090"/>
  <testcase classname="api.tests.UserTests2" name="testUpdateUserByName" time="1.568"/>
  <testcase classname="api.tests.UserTests2" name="testDeleteUserByName" time="0.787"/>
</testsuite> <!-- api.tests.UserTests2 -->
