<?xml version="1.0" encoding="UTF-8"?>
<!-- Generated by org.testng.reporters.JUnitReportReporter -->
<testsuite hostname="EG-4632MG3" failures="0" tests="6" name="api.tests.DDTests" time="5.318" errors="0" timestamp="2023-07-30T06:03:01 EEST" skipped="0">
  <testcase classname="api.tests.DDTests" name="testPostuser" time="0.807"/>
  <testcase classname="api.tests.DDTests" name="testPostuser" time="0.819"/>
  <testcase classname="api.tests.DDTests" name="testPostuser" time="0.927"/>
  <testcase classname="api.tests.DDTests" name="testDeleteUserByName" time="0.819"/>
  <testcase classname="api.tests.DDTests" name="testDeleteUserByName" time="1.059"/>
  <testcase classname="api.tests.DDTests" name="testDeleteUserByName" time="0.887"/>
</testsuite> <!-- api.tests.DDTests -->
